<?xml version="1.0" encoding="UTF-8"?>
<testng-results skipped="0" failed="0" total="1" passed="1">
  <reporter-output>
  </reporter-output>
  <suite name="Default suite" duration-ms="15602" started-at="2016-09-02T03:16:35Z" finished-at="2016-09-02T03:16:51Z">
    <groups>
    </groups>
    <test name="Default test" duration-ms="15602" started-at="2016-09-02T03:16:35Z" finished-at="2016-09-02T03:16:51Z">
      <class name="shreeAutomation.shreeAutomation.CreateAccount">
        <test-method status="PASS" signature="setUp()[pri:0, instance:shreeAutomation.shreeAutomation.CreateAccount@4493d195]" name="setUp" is-config="true" duration-ms="5320" started-at="2016-09-01T20:16:35Z" finished-at="2016-09-01T20:16:40Z">
          <reporter-output>
          </reporter-output>
        </test-method> <!-- setUp -->
        <test-method status="PASS" signature="testCreateAccount()[pri:0, instance:shreeAutomation.shreeAutomation.CreateAccount@4493d195]" name="testCreateAccount" duration-ms="9284" started-at="2016-09-01T20:16:40Z" finished-at="2016-09-01T20:16:50Z">
          <reporter-output>
          </reporter-output>
        </test-method> <!-- testCreateAccount -->
        <test-method status="PASS" signature="tearDown()[pri:0, instance:shreeAutomation.shreeAutomation.CreateAccount@4493d195]" name="tearDown" is-config="true" duration-ms="987" started-at="2016-09-01T20:16:50Z" finished-at="2016-09-01T20:16:51Z">
          <reporter-output>
          </reporter-output>
        </test-method> <!-- tearDown -->
      </class> <!-- shreeAutomation.shreeAutomation.CreateAccount -->
    </test> <!-- Default test -->
  </suite> <!-- Default suite -->
</testng-results>
